This is pdfTeX, Version 3.14159265-2.6-1.40.20 (TeX Live 2019/Arch Linux) (preloaded format=pdflatex 2020.5.24)  27 MAY 2020 15:43
entering extended mode
 restricted \write18 enabled.
 file:line:error style messages enabled.
 %&-line parsing enabled.
**/home/jaerka/vsCode/microProcessor/main.tex
(/home/jaerka/vsCode/microProcessor/main.tex
LaTeX2e <2019-10-01> patch level 1
(/usr/share/texmf-dist/tex/latex/extsizes/extarticle.cls
Document Class: extarticle 1996/10/08 v1.0 Non Standard LaTeX document class
(/usr/share/texmf-dist/tex/latex/base/size12.clo
File: size12.clo 2019/08/27 v1.4j Standard LaTeX file (size option)
) (/usr/share/texmf-dist/tex/latex/base/exscale.sty
Package: exscale 2018/09/24 v2.1i Standard LaTeX package exscale
LaTeX Font Info:    Redeclaring symbol font `largesymbols' on input line 57.
LaTeX Font Info:    Overwriting symbol font `largesymbols' in version `normal'
(Font)                  OMX/cmex/m/n --> OMX/cmex/m/n on input line 57.
LaTeX Font Info:    Overwriting symbol font `largesymbols' in version `bold'
(Font)                  OMX/cmex/m/n --> OMX/cmex/m/n on input line 57.
\big@size=\dimen102
)
\c@part=\count80
\c@section=\count81
\c@subsection=\count82
\c@subsubsection=\count83
\c@paragraph=\count84
\c@subparagraph=\count85
\c@figure=\count86
\c@table=\count87
\abovecaptionskip=\skip41
\belowcaptionskip=\skip42
\bibindent=\dimen103
) (/usr/share/texmf-dist/tex/latex/graphics/graphicx.sty
Package: graphicx 2017/06/01 v1.1a Enhanced LaTeX Graphics (DPC,SPQR)
 (/usr/share/texmf-dist/tex/latex/graphics/keyval.sty
Package: keyval 2014/10/28 v1.15 key=value parser (DPC)
\KV@toks@=\toks14
) (/usr/share/texmf-dist/tex/latex/graphics/graphics.sty
Package: graphics 2019/10/08 v1.3c Standard LaTeX Graphics (DPC,SPQR)
 (/usr/share/texmf-dist/tex/latex/graphics/trig.sty
Package: trig 2016/01/03 v1.10 sin cos tan (DPC)
) (/usr/share/texmf-dist/tex/latex/graphics-cfg/graphics.cfg
File: graphics.cfg 2016/06/04 v1.11 sample graphics configuration
)
Package graphics Info: Driver file: pdftex.def on input line 105.
 (/usr/share/texmf-dist/tex/latex/graphics-def/pdftex.def
File: pdftex.def 2018/01/08 v1.0l Graphics/color driver for pdftex
))
\Gin@req@height=\dimen104
\Gin@req@width=\dimen105
) (/usr/share/texmf-dist/tex/latex/enumitem/enumitem.sty
Package: enumitem 2019/06/20 v3.9 Customized lists
\labelindent=\skip43
\enit@outerparindent=\dimen106
\enit@toks=\toks15
\enit@inbox=\box27
\enit@count@id=\count88
\enitdp@description=\count89
) (/home/jaerka/vsCode/microProcessor/main.aux)
\openout1 = `main.aux'.

LaTeX Font Info:    Checking defaults for OML/cmm/m/it on input line 7.
LaTeX Font Info:    ... okay on input line 7.
LaTeX Font Info:    Checking defaults for T1/cmr/m/n on input line 7.
LaTeX Font Info:    ... okay on input line 7.
LaTeX Font Info:    Checking defaults for OT1/cmr/m/n on input line 7.
LaTeX Font Info:    ... okay on input line 7.
LaTeX Font Info:    Checking defaults for OMS/cmsy/m/n on input line 7.
LaTeX Font Info:    ... okay on input line 7.
LaTeX Font Info:    Checking defaults for OMX/cmex/m/n on input line 7.
LaTeX Font Info:    ... okay on input line 7.
LaTeX Font Info:    Checking defaults for U/cmr/m/n on input line 7.
LaTeX Font Info:    ... okay on input line 7.
 (/usr/share/texmf-dist/tex/context/base/mkii/supp-pdf.mkii
[Loading MPS to PDF converter (version 2006.09.02).]
\scratchcounter=\count90
\scratchdimen=\dimen107
\scratchbox=\box28
\nofMPsegments=\count91
\nofMParguments=\count92
\everyMPshowfont=\toks16
\MPscratchCnt=\count93
\MPscratchDim=\dimen108
\MPnumerator=\count94
\makeMPintoPDFobject=\count95
\everyMPtoPDFconversion=\toks17
) (/usr/share/texmf-dist/tex/latex/oberdiek/epstopdf-base.sty
Package: epstopdf-base 2016/05/15 v2.6 Base part for package epstopdf
 (/usr/share/texmf-dist/tex/generic/oberdiek/infwarerr.sty
Package: infwarerr 2016/05/16 v1.4 Providing info/warning/error messages (HO)
) (/usr/share/texmf-dist/tex/latex/oberdiek/grfext.sty
Package: grfext 2016/05/16 v1.2 Manage graphics extensions (HO)
 (/usr/share/texmf-dist/tex/generic/oberdiek/kvdefinekeys.sty
Package: kvdefinekeys 2016/05/16 v1.4 Define keys (HO)
 (/usr/share/texmf-dist/tex/generic/oberdiek/ltxcmds.sty
Package: ltxcmds 2016/05/16 v1.23 LaTeX kernel commands for general use (HO)
))) (/usr/share/texmf-dist/tex/latex/oberdiek/kvoptions.sty
Package: kvoptions 2016/05/16 v3.12 Key value format for package options (HO)
 (/usr/share/texmf-dist/tex/generic/oberdiek/kvsetkeys.sty
Package: kvsetkeys 2016/05/16 v1.17 Key value parser (HO)
 (/usr/share/texmf-dist/tex/generic/oberdiek/etexcmds.sty
Package: etexcmds 2016/05/16 v1.6 Avoid name clashes with e-TeX commands (HO)
 (/usr/share/texmf-dist/tex/generic/oberdiek/ifluatex.sty
Package: ifluatex 2016/05/16 v1.4 Provides the ifluatex switch (HO)
Package ifluatex Info: LuaTeX not detected.
)))) (/usr/share/texmf-dist/tex/generic/oberdiek/pdftexcmds.sty
Package: pdftexcmds 2019/07/25 v0.30 Utility functions of pdfTeX for LuaTeX (HO)
 (/usr/share/texmf-dist/tex/generic/oberdiek/ifpdf.sty
Package: ifpdf 2018/09/07 v3.3 Provides the ifpdf switch
)
Package pdftexcmds Info: LuaTeX not detected.
Package pdftexcmds Info: \pdf@primitive is available.
Package pdftexcmds Info: \pdf@ifprimitive is available.
Package pdftexcmds Info: \pdfdraftmode found.
)
Package epstopdf-base Info: Redefining graphics rule for `.eps' on input line 438.
Package grfext Info: Graphics extension search list:
(grfext)             [.pdf,.png,.jpg,.mps,.jpeg,.jbig2,.jb2,.PDF,.PNG,.JPG,.JPEG,.JBIG2,.JB2,.eps]
(grfext)             \AppendGraphicsExtensions on input line 456.
 (/usr/share/texmf-dist/tex/latex/latexconfig/epstopdf-sys.cfg
File: epstopdf-sys.cfg 2010/07/13 v1.3 Configuration of (r)epstopdf for TeX Live
))
LaTeX Font Info:    External font `cmex7' loaded for size
(Font)              <7> on input line 16.
 [1

{/var/lib/texmf/fonts/map/pdftex/updmap/pdftex.map}]
Underfull \hbox (badness 10000) in paragraph at lines 23--37

 []


Underfull \hbox (badness 10000) in paragraph at lines 45--49

 []

[2]
<images/x86 Registers.png, id=12, 545.03625pt x 371.3875pt>
File: images/x86 Registers.png Graphic file (type png)
<use images/x86 Registers.png>
Package pdftex.def Info: images/x86 Registers.png  used on input line 54.
(pdftex.def)             Requested size: 426.78989pt x 256.08197pt.

Overfull \hbox (36.78989pt too wide) in paragraph at lines 54--55
 [] 
 []


Underfull \hbox (badness 10000) in paragraph at lines 64--67

 []

[3 </home/jaerka/vsCode/microProcessor/images/x86 Registers.png>]
<images/dec.png, id=16, 727.71875pt x 144.54pt>
File: images/dec.png Graphic file (type png)
<use images/dec.png>
Package pdftex.def Info: images/dec.png  used on input line 72.
(pdftex.def)             Requested size: 341.43933pt x 56.90408pt.
<images/dec1.png, id=17, 1097.09875pt x 141.52875pt>
File: images/dec1.png Graphic file (type png)
<use images/dec1.png>
Package pdftex.def Info: images/dec1.png  used on input line 82.
(pdftex.def)             Requested size: 341.41959pt x 56.90419pt.
 [4 </home/jaerka/vsCode/microProcessor/images/dec.png> </home/jaerka/vsCode/microProcessor/images/dec1.png>]
<images/dec2.png, id=21, 943.525pt x 109.40875pt>
File: images/dec2.png Graphic file (type png)
<use images/dec2.png>
Package pdftex.def Info: images/dec2.png  used on input line 95.
(pdftex.def)             Requested size: 341.43958pt x 56.90622pt.
<images/dec3.png, id=22, 589.20125pt x 212.795pt>
File: images/dec3.png Graphic file (type png)
<use images/dec3.png>
Package pdftex.def Info: images/dec3.png  used on input line 107.
(pdftex.def)             Requested size: 341.43127pt x 113.81334pt.

Underfull \hbox (badness 10000) in paragraph at lines 113--114

 []

<images/dec4.png, id=23, 527.9725pt x 72.27pt>
File: images/dec4.png Graphic file (type png)
<use images/dec4.png>
Package pdftex.def Info: images/dec4.png  used on input line 119.
(pdftex.def)             Requested size: 341.42986pt x 42.67862pt.
[5 </home/jaerka/vsCode/microProcessor/images/dec2.png> </home/jaerka/vsCode/microProcessor/images/dec3.png>]
Underfull \hbox (badness 10000) in paragraph at lines 123--124

 []

<images/dec5.png, id=27, 455.7025pt x 76.285pt>
File: images/dec5.png Graphic file (type png)
<use images/dec5.png>
Package pdftex.def Info: images/dec5.png  used on input line 129.
(pdftex.def)             Requested size: 341.44226pt x 42.68088pt.

Underfull \hbox (badness 10000) in paragraph at lines 133--134

 []

<images/pop.png, id=28, 767.86874pt x 71.26625pt>
File: images/pop.png Graphic file (type png)
<use images/pop.png>
Package pdftex.def Info: images/pop.png  used on input line 139.
(pdftex.def)             Requested size: 341.43689pt x 42.6785pt.

Underfull \hbox (badness 10000) in paragraph at lines 143--144

 []

<images/lea.png, id=29, 480.79625pt x 88.33pt>
File: images/lea.png Graphic file (type png)
<use images/lea.png>
Package pdftex.def Info: images/lea.png  used on input line 149.
(pdftex.def)             Requested size: 341.44107pt x 42.6796pt.

Underfull \hbox (badness 10000) in paragraph at lines 155--156

 []

[6 </home/jaerka/vsCode/microProcessor/images/dec4.png> </home/jaerka/vsCode/microProcessor/images/dec5.png> </home/jaerka/vsCode/microProcessor/images/pop.png> </home/jaerka/vsCode/microProcessor/images/lea.png>]
<images/add.png, id=33, 624.3325pt x 75.28125pt>
File: images/add.png Graphic file (type png)
<use images/add.png>
Package pdftex.def Info: images/add.png  used on input line 161.
(pdftex.def)             Requested size: 284.529pt x 42.681pt.

Underfull \hbox (badness 10000) in paragraph at lines 165--166

 []

<images/sub.png, id=34, 447.6725pt x 72.27pt>
File: images/sub.png Graphic file (type png)
<use images/sub.png>
Package pdftex.def Info: images/sub.png  used on input line 171.
(pdftex.def)             Requested size: 284.53528pt x 42.67862pt.

Underfull \hbox (badness 10000) in paragraph at lines 175--176

 []

<images/inc-dec.png, id=35, 584.1825pt x 80.3pt>
File: images/inc-dec.png Graphic file (type png)
<use images/inc-dec.png>
Package pdftex.def Info: images/inc-dec.png  used on input line 181.
(pdftex.def)             Requested size: 284.53154pt x 42.68008pt.

Underfull \hbox (badness 10000) in paragraph at lines 185--186

 []


Underfull \hbox (badness 10000) in paragraph at lines 189--190

 []

<images/imul.png, id=36, 947.54pt x 98.3675pt>
File: images/imul.png Graphic file (type png)
<use images/imul.png>
Package pdftex.def Info: images/imul.png  used on input line 194.
(pdftex.def)             Requested size: 369.88611pt x 42.67842pt.

Underfull \hbox (badness 10000) in paragraph at lines 198--199

 []

[7 </home/jaerka/vsCode/microProcessor/images/add.png> </home/jaerka/vsCode/microProcessor/images/sub.png> </home/jaerka/vsCode/microProcessor/images/inc-dec.png>]
<images/idiv.png, id=41, 1243.64626pt x 91.34125pt>
File: images/idiv.png Graphic file (type png)
<use images/idiv.png>
Package pdftex.def Info: images/idiv.png  used on input line 204.
(pdftex.def)             Requested size: 455.24597pt x 56.90555pt.

Overfull \hbox (65.24597pt too wide) in paragraph at lines 204--205
 [] 
 []

<images/andd.png, id=42, 390.45876pt x 77.28876pt>
File: images/andd.png Graphic file (type png)
<use images/andd.png>
Package pdftex.def Info: images/andd.png  used on input line 214.
(pdftex.def)             Requested size: 227.62207pt x 56.90738pt.

Underfull \hbox (badness 10000) in paragraph at lines 218--219

 []

<images/not.png, id=43, 588.1975pt x 44.165pt>
File: images/not.png Graphic file (type png)
<use images/not.png>
Package pdftex.def Info: images/not.png  used on input line 224.
(pdftex.def)             Requested size: 312.98177pt x 28.45284pt.

Underfull \hbox (badness 10000) in paragraph at lines 228--229

 []

<images/neg.png, id=44, 190.7125pt x 42.1575pt>
File: images/neg.png Graphic file (type png)
<use images/neg.png>
Package pdftex.def Info: images/neg.png  used on input line 234.
(pdftex.def)             Requested size: 142.26866pt x 25.60796pt.

Underfull \hbox (badness 10000) in paragraph at lines 238--239

 []

[8 </home/jaerka/vsCode/microProcessor/images/imul.png> </home/jaerka/vsCode/microProcessor/images/idiv.png> </home/jaerka/vsCode/microProcessor/images/andd.png> </home/jaerka/vsCode/microProcessor/images/not.png>]
<images/sh.png, id=48, 805.0075pt x 92.345pt>
File: images/sh.png Graphic file (type png)
<use images/sh.png>
Package pdftex.def Info: images/sh.png  used on input line 244.
(pdftex.def)             Requested size: 312.98128pt x 39.83296pt.

Underfull \hbox (badness 10000) in paragraph at lines 259--263

 []


Underfull \hbox (badness 10000) in paragraph at lines 259--263

 []


Underfull \hbox (badness 10000) in paragraph at lines 259--263

 []

[9 </home/jaerka/vsCode/microProcessor/images/neg.png> </home/jaerka/vsCode/microProcessor/images/sh.png>]
Underfull \hbox (badness 10000) in paragraph at lines 270--271

 []


Underfull \hbox (badness 10000) in paragraph at lines 281--282

 []


Underfull \hbox (badness 10000) in paragraph at lines 290--291

 []

[10]
<images/tt.png, id=55, 266.9975pt x 237.88875pt>
File: images/tt.png Graphic file (type png)
<use images/tt.png>
Package pdftex.def Info: images/tt.png  used on input line 310.
(pdftex.def)             Requested size: 313.0132pt x 113.81142pt.
 [11 </home/jaerka/vsCode/microProcessor/images/tt.png>]
<images/tt1.png, id=59, 289.08pt x 264.99pt>
File: images/tt1.png Graphic file (type png)
<use images/tt1.png>
Package pdftex.def Info: images/tt1.png  used on input line 320.
(pdftex.def)             Requested size: 312.99571pt x 113.81004pt.
<images/tt2.png, id=60, 674.52pt x 464.73625pt>
File: images/tt2.png Graphic file (type png)
<use images/tt2.png>
Package pdftex.def Info: images/tt2.png  used on input line 329.
(pdftex.def)             Requested size: 312.97955pt x 199.1661pt.
<images/tty.png, id=61, 330.23375pt x 217.81375pt>
File: images/tty.png Graphic file (type png)
<use images/tty.png>
Package pdftex.def Info: images/tty.png  used on input line 337.
(pdftex.def)             Requested size: 312.98961pt x 199.16798pt.
 [12 </home/jaerka/vsCode/microProcessor/images/tt1.png> </home/jaerka/vsCode/microProcessor/images/tt2.png>]
<images/yy.png, id=65, 460.72125pt x 338.26375pt>
File: images/yy.png Graphic file (type png)
<use images/yy.png>
Package pdftex.def Info: images/yy.png  used on input line 345.
(pdftex.def)             Requested size: 312.97697pt x 199.17644pt.
 [13 </home/jaerka/vsCode/microProcessor/images/tty.png> </home/jaerka/vsCode/microProcessor/images/yy.png>]
<images/12.png, id=70, 471.7625pt x 322.20375pt>
File: images/12.png Graphic file (type png)
<use images/12.png>
Package pdftex.def Info: images/12.png  used on input line 359.
(pdftex.def)             Requested size: 312.98387pt x 199.17429pt.
<images/13.png, id=71, 438.63875pt x 326.21875pt>
File: images/13.png Graphic file (type png)
<use images/13.png>
Package pdftex.def Info: images/13.png  used on input line 369.
(pdftex.def)             Requested size: 312.98848pt x 199.1773pt.
<images/code.png, id=72, 646.415pt x 521.95pt>
File: images/code.png Graphic file (type png)
<use images/code.png>
Package pdftex.def Info: images/code.png  used on input line 377.
(pdftex.def)             Requested size: 312.97827pt x 199.17134pt.
 [14 </home/jaerka/vsCode/microProcessor/images/12.png> </home/jaerka/vsCode/microProcessor/images/13.png>]
LaTeX Font Info:    Trying to load font information for OMS+cmr on input line 399.
 (/usr/share/texmf-dist/tex/latex/base/omscmr.fd
File: omscmr.fd 2014/09/29 v2.5h Standard LaTeX font definitions
)
LaTeX Font Info:    Font shape `OMS/cmr/m/n' in size <12> not available
(Font)              Font shape `OMS/cmsy/m/n' tried instead on input line 399.
 [15 </home/jaerka/vsCode/microProcessor/images/code.png>] (/home/jaerka/vsCode/microProcessor/main.aux) ) 
Here is how much of TeX's memory you used:
 2007 strings out of 492167
 31301 string characters out of 6131558
 94936 words of memory out of 5000000
 6371 multiletter control sequences out of 15000+600000
 7377 words of font info for 27 fonts, out of 8000000 for 9000
 1141 hyphenation exceptions out of 8191
 46i,7n,30p,741b,264s stack positions out of 5000i,500n,10000p,200000b,80000s
</usr/share/texmf-dist/fonts/type1/public/amsfonts/cm/cmbx12.pfb></usr/share/texmf-dist/fonts/type1/public/amsfonts/cm/cmr12.pfb></usr/share/texmf-dist/fonts/type1/public/amsfonts/cm/cmr17.pfb></usr/share/texmf-dist/fonts/type1/public/amsfonts/cm/cmsy10.pfb>
Output written on /home/jaerka/vsCode/microProcessor/main.pdf (15 pages, 711166 bytes).
PDF statistics:
 95 PDF objects out of 1000 (max. 8388607)
 47 compressed objects within 1 object stream
 0 named destinations out of 1000 (max. 500000)
 131 words of extra memory for PDF output out of 10000 (max. 10000000)

